# JRE version: Java(TM) SE Runtime Environment (8.0_202-b08) (build 1.8.0_202-b08)
# Java VM: Java HotSpot(TM) 64-Bit Server VM (25.202-b08 mixed mode windows-amd64 compressed oops)
Heap:
 PSYoungGen      total 6656K, used 5383K [0x000000076bd80000, 0x000000076d080000, 0x00000007c0000000)
  eden space 6144K, 87% used [0x000000076bd80000,0x000000076c2c1fc0,0x000000076c380000)
  from space 512K, 0% used [0x000000076c380000,0x000000076c380000,0x000000076c400000)
  to   space 3584K, 0% used [0x000000076cd00000,0x000000076cd00000,0x000000076d080000)
 ParOldGen       total 5632K, used 4846K [0x00000006c3800000, 0x00000006c3d80000, 0x000000076bd80000)
  object space 5632K, 86% used [0x00000006c3800000,0x00000006c3cbb870,0x00000006c3d80000)
 Metaspace       used 7297K, capacity 8244K, committed 8448K, reserved 1056768K
  class space    used 893K, capacity 944K, committed 1024K, reserved 1048576K
GC Heap History (10 events):
Event: 0.254 GC heap before
{Heap before GC invocations=2 (full 0):
 PSYoungGen      total 2048K, used 1990K [0x000000076bd80000, 0x000000076c180000, 0x00000007c0000000)
  eden space 1536K, 97% used [0x000000076bd80000,0x000000076bef5ac8,0x000000076bf00000)
  from space 512K, 96% used [0x000000076bf00000,0x000000076bf7c010,0x000000076bf80000)
  to   space 512K, 0% used [0x000000076c100000,0x000000076c100000,0x000000076c180000)
 ParOldGen       total 5632K, used 72K [0x00000006c3800000, 0x00000006c3d80000, 0x000000076bd80000)
  object space 5632K, 1% used [0x00000006c3800000,0x00000006c3812010,0x00000006c3d80000)
 Metaspace       used 3991K, capacity 5388K, committed 5760K, reserved 1056768K
  class space    used 475K, capacity 520K, committed 640K, reserved 1048576K
Event: 0.257 GC heap after
Heap after GC invocations=2 (full 0):
 PSYoungGen      total 3584K, used 512K [0x000000076bd80000, 0x000000076c180000, 0x00000007c0000000)
  eden space 3072K, 0% used [0x000000076bd80000,0x000000076bd80000,0x000000076c080000)
  from space 512K, 100% used [0x000000076c100000,0x000000076c180000,0x000000076c180000)
  to   space 512K, 0% used [0x000000076c080000,0x000000076c080000,0x000000076c100000)
 ParOldGen       total 5632K, used 144K [0x00000006c3800000, 0x00000006c3d80000, 0x000000076bd80000)
  object space 5632K, 2% used [0x00000006c3800000,0x00000006c3824010,0x00000006c3d80000)
 Metaspace       used 3991K, capacity 5388K, committed 5760K, reserved 1056768K
  class space    used 475K, capacity 520K, committed 640K, reserved 1048576K
}
Event: 0.353 GC heap before
{Heap before GC invocations=3 (full 0):
 PSYoungGen      total 3584K, used 3532K [0x000000076bd80000, 0x000000076c180000, 0x00000007c0000000)
  eden space 3072K, 98% used [0x000000076bd80000,0x000000076c073120,0x000000076c080000)
  from space 512K, 100% used [0x000000076c100000,0x000000076c180000,0x000000076c180000)
  to   space 512K, 0% used [0x000000076c080000,0x000000076c080000,0x000000076c100000)
 ParOldGen       total 5632K, used 144K [0x00000006c3800000, 0x00000006c3d80000, 0x000000076bd80000)
  object space 5632K, 2% used [0x00000006c3800000,0x00000006c3824010,0x00000006c3d80000)
 Metaspace       used 4931K, capacity 6284K, committed 6656K, reserved 1056768K
  class space    used 606K, capacity 648K, committed 768K, reserved 1048576K
Event: 0.355 GC heap after
Heap after GC invocations=3 (full 0):
 PSYoungGen      total 3584K, used 511K [0x000000076bd80000, 0x000000076c480000, 0x00000007c0000000)
  eden space 3072K, 0% used [0x000000076bd80000,0x000000076bd80000,0x000000076c080000)
  from space 512K, 99% used [0x000000076c080000,0x000000076c0ffc10,0x000000076c100000)
  to   space 512K, 0% used [0x000000076c400000,0x000000076c400000,0x000000076c480000)
 ParOldGen       total 5632K, used 672K [0x00000006c3800000, 0x00000006c3d80000, 0x000000076bd80000)
  object space 5632K, 11% used [0x00000006c3800000,0x00000006c38a8030,0x00000006c3d80000)
 Metaspace       used 4931K, capacity 6284K, committed 6656K, reserved 1056768K
  class space    used 606K, capacity 648K, committed 768K, reserved 1048576K
}
Event: 0.449 GC heap before
{Heap before GC invocations=4 (full 0):
 PSYoungGen      total 3584K, used 3583K [0x000000076bd80000, 0x000000076c480000, 0x00000007c0000000)
  eden space 3072K, 100% used [0x000000076bd80000,0x000000076c080000,0x000000076c080000)
  from space 512K, 99% used [0x000000076c080000,0x000000076c0ffc10,0x000000076c100000)
  to   space 512K, 0% used [0x000000076c400000,0x000000076c400000,0x000000076c480000)
 ParOldGen       total 5632K, used 672K [0x00000006c3800000, 0x00000006c3d80000, 0x000000076bd80000)
  object space 5632K, 11% used [0x00000006c3800000,0x00000006c38a8030,0x00000006c3d80000)
 Metaspace       used 6039K, capacity 7276K, committed 7552K, reserved 1056768K
  class space    used 759K, capacity 808K, committed 896K, reserved 1048576K
Event: 0.450 GC heap after
Heap after GC invocations=4 (full 0):
 PSYoungGen      total 6656K, used 496K [0x000000076bd80000, 0x000000076c480000, 0x00000007c0000000)
  eden space 6144K, 0% used [0x000000076bd80000,0x000000076bd80000,0x000000076c380000)
  from space 512K, 96% used [0x000000076c400000,0x000000076c47c010,0x000000076c480000)
  to   space 512K, 0% used [0x000000076c380000,0x000000076c380000,0x000000076c400000)
 ParOldGen       total 5632K, used 1045K [0x00000006c3800000, 0x00000006c3d80000, 0x000000076bd80000)
  object space 5632K, 18% used [0x00000006c3800000,0x00000006c3905530,0x00000006c3d80000)
 Metaspace       used 6039K, capacity 7276K, committed 7552K, reserved 1056768K
  class space    used 759K, capacity 808K, committed 896K, reserved 1048576K
}
Event: 0.581 GC heap before
{Heap before GC invocations=5 (full 0):
 PSYoungGen      total 6656K, used 6640K [0x000000076bd80000, 0x000000076c480000, 0x00000007c0000000)
  eden space 6144K, 100% used [0x000000076bd80000,0x000000076c380000,0x000000076c380000)
  from space 512K, 96% used [0x000000076c400000,0x000000076c47c010,0x000000076c480000)
  to   space 512K, 0% used [0x000000076c380000,0x000000076c380000,0x000000076c400000)
 ParOldGen       total 5632K, used 1045K [0x00000006c3800000, 0x00000006c3d80000, 0x000000076bd80000)
  object space 5632K, 18% used [0x00000006c3800000,0x00000006c3905530,0x00000006c3d80000)
 Metaspace       used 7215K, capacity 8148K, committed 8448K, reserved 1056768K
  class space    used 886K, capacity 912K, committed 1024K, reserved 1048576K
Event: 0.587 GC heap after
Heap after GC invocations=5 (full 0):
 PSYoungGen      total 6656K, used 496K [0x000000076bd80000, 0x000000076d080000, 0x00000007c0000000)
  eden space 6144K, 0% used [0x000000076bd80000,0x000000076bd80000,0x000000076c380000)
  from space 512K, 96% used [0x000000076c380000,0x000000076c3fc010,0x000000076c400000)
  to   space 3584K, 0% used [0x000000076cd00000,0x000000076cd00000,0x000000076d080000)
 ParOldGen       total 5632K, used 4637K [0x00000006c3800000, 0x00000006c3d80000, 0x000000076bd80000)
  object space 5632K, 82% used [0x00000006c3800000,0x00000006c3c874f0,0x00000006c3d80000)
 Metaspace       used 7215K, capacity 8148K, committed 8448K, reserved 1056768K
  class space    used 886K, capacity 912K, committed 1024K, reserved 1048576K
}
Event: 0.587 GC heap before
{Heap before GC invocations=6 (full 1):
 PSYoungGen      total 6656K, used 496K [0x000000076bd80000, 0x000000076d080000, 0x00000007c0000000)
  eden space 6144K, 0% used [0x000000076bd80000,0x000000076bd80000,0x000000076c380000)
  from space 512K, 96% used [0x000000076c380000,0x000000076c3fc010,0x000000076c400000)
  to   space 3584K, 0% used [0x000000076cd00000,0x000000076cd00000,0x000000076d080000)
 ParOldGen       total 5632K, used 4637K [0x00000006c3800000, 0x00000006c3d80000, 0x000000076bd80000)
  object space 5632K, 82% used [0x00000006c3800000,0x00000006c3c874f0,0x00000006c3d80000)
 Metaspace       used 7215K, capacity 8148K, committed 8448K, reserved 1056768K
  class space    used 886K, capacity 912K, committed 1024K, reserved 1048576K
Event: 0.626 GC heap after
Heap after GC invocations=6 (full 1):
 PSYoungGen      total 6656K, used 0K [0x000000076bd80000, 0x000000076d080000, 0x00000007c0000000)
  eden space 6144K, 0% used [0x000000076bd80000,0x000000076bd80000,0x000000076c380000)
  from space 512K, 0% used [0x000000076c380000,0x000000076c380000,0x000000076c400000)
  to   space 3584K, 0% used [0x000000076cd00000,0x000000076cd00000,0x000000076d080000)
 ParOldGen       total 5632K, used 4846K [0x00000006c3800000, 0x00000006c3d80000, 0x000000076bd80000)
  object space 5632K, 86% used [0x00000006c3800000,0x00000006c3cbb870,0x00000006c3d80000)
 Metaspace       used 7215K, capacity 8148K, committed 8448K, reserved 1056768K
  class space    used 886K, capacity 912K, committed 1024K, reserved 1048576K
}

